<?xml version="1.0" encoding="UTF-8"?>
<!-- Generated by org.testng.reporters.JUnitReportReporter -->
<testsuite skipped="0" hostname="codemaxpc01-desktop" name="testpackage.TestNGclass" tests="1" failures="0" timestamp="03 Jan 2020 06:50:26 GMT" time="13.125" errors="0">
  <testcase name="f" time="13.125" classname="testpackage.TestNGclass"/>
</testsuite> <!-- testpackage.TestNGclass -->
