<?xml version="1.0" encoding="UTF-8"?>
<!-- Generated by org.testng.reporters.JUnitReportReporter -->
<testsuite skipped="0" hostname="codemaxpc01-desktop" name="testpackage.DesireCapabilityClass" tests="1" failures="0" timestamp="21 Jan 2020 04:42:08 GMT" time="4.130" errors="0">
  <testcase name="f" time="4.130" classname="testpackage.DesireCapabilityClass"/>
</testsuite> <!-- testpackage.DesireCapabilityClass -->
